<?xml version="1.0" encoding="UTF-8"?>
<testsuite name="server.ServerTest" tests="1" skipped="0" failures="0" errors="0" timestamp="2019-02-16T00:37:42" hostname="rover-221-100.rovernet.mtu.edu" time="0.001">
  <properties/>
  <testcase name="test" classname="server.ServerTest" time="0.001"/>
  <system-out><![CDATA[]]></system-out>
  <system-err><![CDATA[]]></system-err>
</testsuite>
