<?xml version="1.0" encoding="UTF-8"?>
<testsuite name="server.ServerTest" tests="1" skipped="0" failures="0" errors="0" timestamp="2019-02-26T01:56:29" hostname="DESKTOP-BU3HJ01" time="0.001">
  <properties/>
  <testcase name="test" classname="server.ServerTest" time="0.001"/>
  <system-out><![CDATA[]]></system-out>
  <system-err><![CDATA[]]></system-err>
</testsuite>
